========================================
Brain Tumor Segmentation Training
Date: Mon Feb 23 05:53:33 PM EST 2026
Node: c2206
Job ID: 4551911
========================================

GPU Info:
Mon Feb 23 17:53:33 2026       
+---------------------------------------------------------------------------------------+
| NVIDIA-SMI 545.23.08              Driver Version: 545.23.08    CUDA Version: 12.3     |
|-----------------------------------------+----------------------+----------------------+
| GPU  Name                 Persistence-M | Bus-Id        Disp.A | Volatile Uncorr. ECC |
| Fan  Temp   Perf          Pwr:Usage/Cap |         Memory-Usage | GPU-Util  Compute M. |
|                                         |                      |               MIG M. |
|=========================================+======================+======================|
|   0  Tesla V100-PCIE-32GB           On  | 00000000:81:00.0 Off |                    0 |
| N/A   44C    P0              28W / 250W |      0MiB / 32768MiB |      0%      Default |
|                                         |                      |                  N/A |
+-----------------------------------------+----------------------+----------------------+
                                                                                         
+---------------------------------------------------------------------------------------+
| Processes:                                                                            |
|  GPU   GI   CI        PID   Type   Process name                            GPU Memory |
|        ID   ID                                                             Usage      |
|=======================================================================================|
|  No running processes found                                                           |
+---------------------------------------------------------------------------------------+

Starting training...
========================================
Using device: cuda
Loading dataset...
Found 3929 image-mask pairs
Total patients: 110
Train: 76 | Val: 17 | Test: 17
Found 2737 image-mask pairs
Found 542 image-mask pairs
Found 650 image-mask pairs

Initializing model...
Model: U-Net with ResNet50 encoder
Total parameters: 32,521,105

==================================================
Starting Training
==================================================

Epoch 1/20
Train Loss: 0.9378 | Train Dice: 0.1762
Val Loss: 0.7319 | Val Dice: 0.2749
✓ Saved best model (Dice: 0.2749)

Epoch 2/20
Train Loss: 0.8601 | Train Dice: 0.5210
Val Loss: 0.6814 | Val Dice: 0.4062
✓ Saved best model (Dice: 0.4062)

Epoch 3/20
Train Loss: 0.6949 | Train Dice: 0.6861
Val Loss: 0.5265 | Val Dice: 0.5247
✓ Saved best model (Dice: 0.5247)

Epoch 4/20
Train Loss: 0.4421 | Train Dice: 0.7889
Val Loss: 0.3952 | Val Dice: 0.5377
✓ Saved best model (Dice: 0.5377)

Epoch 5/20
Train Loss: 0.2882 | Train Dice: 0.8333
Val Loss: 0.3301 | Val Dice: 0.5419
✓ Saved best model (Dice: 0.5419)

Epoch 6/20
Train Loss: 0.2160 | Train Dice: 0.8423
Val Loss: 0.2782 | Val Dice: 0.5529
✓ Saved best model (Dice: 0.5529)

Epoch 7/20
Train Loss: 0.2022 | Train Dice: 0.8350
Val Loss: 0.2625 | Val Dice: 0.5597
✓ Saved best model (Dice: 0.5597)

Epoch 8/20
Train Loss: 0.1763 | Train Dice: 0.8449
Val Loss: 0.2729 | Val Dice: 0.5425

Epoch 9/20
Train Loss: 0.1702 | Train Dice: 0.8425
Val Loss: 0.2652 | Val Dice: 0.5464

Epoch 10/20
Train Loss: 0.1553 | Train Dice: 0.8599
Val Loss: 0.2346 | Val Dice: 0.5706
✓ Saved best model (Dice: 0.5706)

Epoch 11/20
Train Loss: 0.1375 | Train Dice: 0.8629
Val Loss: 0.2485 | Val Dice: 0.5558

Epoch 12/20
Train Loss: 0.1432 | Train Dice: 0.8606
Val Loss: 0.2423 | Val Dice: 0.5596

Epoch 13/20
Train Loss: 0.1414 | Train Dice: 0.8624
Val Loss: 0.2540 | Val Dice: 0.5466

Epoch 14/20
Train Loss: 0.1383 | Train Dice: 0.8683
Val Loss: 0.2120 | Val Dice: 0.5874
✓ Saved best model (Dice: 0.5874)

Epoch 15/20
Train Loss: 0.1329 | Train Dice: 0.8674
Val Loss: 0.2414 | Val Dice: 0.5577

Epoch 16/20
Train Loss: 0.1309 | Train Dice: 0.8739
Val Loss: 0.2367 | Val Dice: 0.5608

Epoch 17/20
Train Loss: 0.1241 | Train Dice: 0.8743
Val Loss: 0.2324 | Val Dice: 0.5648

Epoch 18/20
Train Loss: 0.1197 | Train Dice: 0.8782
Val Loss: 0.2604 | Val Dice: 0.5369

Epoch 19/20
Train Loss: 0.1320 | Train Dice: 0.8658
Val Loss: 0.2120 | Val Dice: 0.5851

Epoch 20/20
Train Loss: 0.1166 | Train Dice: 0.8807
Val Loss: 0.2073 | Val Dice: 0.5893
✓ Saved best model (Dice: 0.5893)

==================================================
Training Complete!
Best Val Dice Score: 0.5893
==================================================

========================================
Training finished at Mon Feb 23 06:01:43 PM EST 2026
========================================
